<?xml version="1.0" encoding="UTF-8"?>
<testsuite name="MainTest" tests="1" skipped="0" failures="0" errors="0" timestamp="2021-09-18T12:53:03" hostname="Defianui-MacBookPro.local" time="0.017">
  <properties/>
  <testcase name="lambda()" classname="MainTest" time="0.017"/>
  <system-out><![CDATA[Before===========================
s = zxcvz
s = sdkafnlsdf
word = hasdfas
word = zv zlxv
]]></system-out>
  <system-err><![CDATA[]]></system-err>
</testsuite>
