<?xml version="1.0" encoding="UTF-8"?>
<testsuite name="MainTest" tests="1" skipped="0" failures="0" errors="0" timestamp="2021-09-15T06:42:17" hostname="Defianui-MacBookPro.local" time="0.013">
  <properties/>
  <testcase name="favorite_test()" classname="MainTest" time="0.013"/>
  <system-out><![CDATA[Before===========================
Java cafebabe MainTest$Favorite
]]></system-out>
  <system-err><![CDATA[]]></system-err>
</testsuite>
