<?xml version="1.0" encoding="UTF-8"?>
<testsuite name="MainTest" tests="1" skipped="0" failures="0" errors="0" timestamp="2021-09-15T05:17:58" hostname="Defianui-MacBookPro.local" time="0.016">
  <properties/>
  <testcase name="generic()" classname="MainTest" time="0.016"/>
  <system-out><![CDATA[Before===========================
aa
bb
cc
s = a
s = b
s = b
s = c
]]></system-out>
  <system-err><![CDATA[]]></system-err>
</testsuite>
